2014-08-08 01:49:21.771 todo[7942:70b] Multi-tasking -> Device: YES, App: YES
2014-08-08 01:49:21.787 todo[7942:70b] Unlimited access to network resources
2014-08-08 01:49:22.032 todo[7942:70b] [CDVTimer][keyboard] 0.090003ms
2014-08-08 01:49:22.041 todo[7942:70b] CDVPlugin class CDVStatusBar (pluginName: statusbar) does not exist.
2014-08-08 01:49:22.045 todo[7942:70b] [CDVTimer][statusbar] 4.747033ms
2014-08-08 01:49:22.055 todo[7942:70b] [CDVTimer][TotalPluginStartup] 23.155987ms
2014-08-08 01:49:22.261 todo[7942:70b] Resetting plugins due to page load.
2014-08-08 01:49:22.561 todo[7942:70b] Finished load of: file:///Users/won/Library/Application%20Support/iPhone%20Simulator/7.1/Applications/4E087B5C-5C2B-4A10-8A5D-3A5FD0FC3812/todo.app/www/index.html
2014-08-08 02:03:47.972 todo[8347:70b] Multi-tasking -> Device: YES, App: YES
2014-08-08 02:03:47.982 todo[8347:70b] Unlimited access to network resources
2014-08-08 02:03:48.003 todo[8347:70b] [CDVTimer][keyboard] 0.083029ms
2014-08-08 02:03:48.004 todo[8347:70b] CDVPlugin class CDVStatusBar (pluginName: statusbar) does not exist.
2014-08-08 02:03:48.004 todo[8347:70b] [CDVTimer][statusbar] 0.445008ms
2014-08-08 02:03:48.005 todo[8347:70b] [CDVTimer][TotalPluginStartup] 1.572013ms
2014-08-08 02:03:48.101 todo[8347:70b] Resetting plugins due to page load.
2014-08-08 02:03:48.466 todo[8347:70b] Finished load of: file:///Users/won/Library/Application%20Support/iPhone%20Simulator/7.1/Applications/4E087B5C-5C2B-4A10-8A5D-3A5FD0FC3812/todo.app/www/index.html
objc[8347]: Class AXEmojiUtilities is implemented in both /Applications/Xcode.app/Contents/Developer/Platforms/iPhoneSimulator.platform/Developer/SDKs/iPhoneSimulator7.1.sdk/System/Library/PrivateFrameworks/AccessibilityUtilities.framework/AccessibilityUtilities and /Applications/Xcode.app/Contents/Developer/Platforms/iPhoneSimulator.platform/Developer/SDKs/iPhoneSimulator7.1.sdk/usr/lib/libAXSpeechManager.dylib. One of the two will be used. Which one is undefined.
2014-08-08 02:13:38.495 todo[8347:70b] Cannot find executable for CFBundle 0xa36d860 </Applications/Xcode.app/Contents/Developer/Platforms/iPhoneSimulator.platform/Developer/SDKs/iPhoneSimulator7.1.sdk/System/Library/AccessibilityBundles/CertUIFramework.axbundle> (not loaded)
2014-08-08 02:13:38.498 todo[8347:70b] Cannot find executable for CFBundle 0xa5a5c80 </Applications/Xcode.app/Contents/Developer/Platforms/iPhoneSimulator.platform/Developer/SDKs/iPhoneSimulator7.1.sdk/System/Library/AccessibilityBundles/MusicLibrary.axbundle> (not loaded)
2014-08-08 02:13:38.507 todo[8347:70b] Cannot find executable for CFBundle 0xa5b6f70 </Applications/Xcode.app/Contents/Developer/Platforms/iPhoneSimulator.platform/Developer/SDKs/iPhoneSimulator7.1.sdk/System/Library/AccessibilityBundles/GeoServices.axbundle> (not loaded)
